Processing files...
File: alex.rps
Contents:
alex,p,s,p,r,r
========================================
File: anna.rps
Contents:
anna,r,s,r,p,p
========================================
File: emma.rps
Contents:
emma,s,p,r,r,r
========================================
File: jake.rps
Contents:
jake,p,s,r,r,p
========================================
File: joe.rps
Contents:
joe,p,p,r,p,r
========================================
File: john.rps
Contents:
john,p,p,p,s,s
========================================
File: kyle.rps
Contents:
kyle,p,r,s,s,s
========================================
File: lisa.rps
Contents:
lisa,r,r,r,s,s
========================================
File: mary.rps
Contents:
mary,p,p,s,r,s
========================================
File: mike.rps
Contents:
mike,r,r,r,p,r
========================================
File: nina.rps
Contents:
nina,p,s,s,r,r
========================================
File: paul.rps
Contents:
paul,p,r,p,r,p
========================================
File: sarah.rps
Contents:
sarah,r,p,r,p,r
========================================
File: susan.rps
Contents:
susan,p,r,r,r,r
========================================
File: tom.rps
Contents:
tom,s,r,p,p,r
========================================

